<?xml version="1.0" encoding="UTF-8"?>
<robot generator="Robot 3.0.4 (Python 3.7.0 on win32)" generated="20180920 15:07:39.381">
<suite id="s1" name="CE" source="C:\Development\Robotscripts\First-Script\Tests\CE.robot">
<test id="s1-t1" name="Interactive Read">
<kw name="Login" library="Common">
<kw name="Login to CE" library="Login">
<kw name="Open Browser" library="SeleniumLibrary">
<doc>Opens a new browser instance to the given ``url``.</doc>
<arguments>
<arg>http://ral-qa-xceism01.ipv6lab.com/OpenWay/</arg>
<arg>chrome</arg>
</arguments>
<msg timestamp="20180920 15:07:39.781" level="INFO">Opening browser 'chrome' to base url 'http://ral-qa-xceism01.ipv6lab.com/OpenWay/'.</msg>
<status status="PASS" starttime="20180920 15:07:39.781" endtime="20180920 15:08:00.534"></status>
</kw>
<kw name="Wait Until Page Contains" library="SeleniumLibrary">
<doc>Waits until ``text`` appears on current page.</doc>
<arguments>
<arg>Please enter your user ID and password to log in</arg>
</arguments>
<status status="PASS" starttime="20180920 15:08:00.534" endtime="20180920 15:08:00.574"></status>
</kw>
<kw name="Input Text" library="SeleniumLibrary">
<doc>Types the given ``text`` into text field identified by ``locator``.</doc>
<arguments>
<arg>xpath=//*[@id="_loginForm_edtUserID"]</arg>
<arg>admin</arg>
</arguments>
<msg timestamp="20180920 15:08:00.574" level="INFO">Typing text 'admin' into text field 'xpath=//*[@id="_loginForm_edtUserID"]'.</msg>
<status status="PASS" starttime="20180920 15:08:00.574" endtime="20180920 15:08:00.710"></status>
</kw>
<kw name="Input Text" library="SeleniumLibrary">
<doc>Types the given ``text`` into text field identified by ``locator``.</doc>
<arguments>
<arg>xpath=//*[@id="_loginForm_edtPassword"]</arg>
<arg>Aa123456</arg>
</arguments>
<msg timestamp="20180920 15:08:00.710" level="INFO">Typing text 'Aa123456' into text field 'xpath=//*[@id="_loginForm_edtPassword"]'.</msg>
<status status="PASS" starttime="20180920 15:08:00.710" endtime="20180920 15:08:00.830"></status>
</kw>
<kw name="Click Button" library="SeleniumLibrary">
<doc>Clicks button identified by ``locator``.</doc>
<arguments>
<arg>xpath=//*[@id="_loginForm_btnLogon"]</arg>
</arguments>
<msg timestamp="20180920 15:08:00.830" level="INFO">Clicking button 'xpath=//*[@id="_loginForm_btnLogon"]'.</msg>
<status status="PASS" starttime="20180920 15:08:00.830" endtime="20180920 15:08:09.756"></status>
</kw>
<kw name="Sleep" library="BuiltIn">
<doc>Pauses the test executed for the given time.</doc>
<arguments>
<arg>10s</arg>
</arguments>
<msg timestamp="20180920 15:08:19.774" level="INFO">Slept 10 seconds</msg>
<status status="PASS" starttime="20180920 15:08:09.756" endtime="20180920 15:08:19.774"></status>
</kw>
<kw name="Wait Until Page Contains" library="SeleniumLibrary">
<doc>Waits until ``text`` appears on current page.</doc>
<arguments>
<arg>Copyright © Itron 2006 - 2016</arg>
</arguments>
<status status="PASS" starttime="20180920 15:08:19.774" endtime="20180920 15:08:19.834"></status>
</kw>
<status status="PASS" starttime="20180920 15:07:39.781" endtime="20180920 15:08:19.834"></status>
</kw>
<status status="PASS" starttime="20180920 15:07:39.781" endtime="20180920 15:08:19.834"></status>
</kw>
<kw name="Tools Main page" library="Tools">
<kw name="Click Link" library="SeleniumLibrary">
<doc>Clicks a link identified by ``locator``.</doc>
<arguments>
<arg>xpath=//*[@id="_ddMenu"]/li[5]/a</arg>
</arguments>
<msg timestamp="20180920 15:08:19.838" level="INFO">Clicking link 'xpath=//*[@id="_ddMenu"]/li[5]/a'.</msg>
<status status="PASS" starttime="20180920 15:08:19.838" endtime="20180920 15:08:21.118"></status>
</kw>
<status status="PASS" starttime="20180920 15:08:19.838" endtime="20180920 15:08:21.118"></status>
</kw>
<kw name="Interactive Read" library="Tools">
<kw name="Click Image" library="SeleniumLibrary">
<doc>Clicks an image identified by ``locator``.</doc>
<arguments>
<arg>xpath=//*[@id="ctl00_PH__divMain"]/ul/li[1]/a/img</arg>
</arguments>
<msg timestamp="20180920 15:08:21.122" level="INFO">Clicking image 'xpath=//*[@id="ctl00_PH__divMain"]/ul/li[1]/a/img'.</msg>
<status status="PASS" starttime="20180920 15:08:21.118" endtime="20180920 15:08:34.706"></status>
</kw>
<status status="PASS" starttime="20180920 15:08:21.118" endtime="20180920 15:08:34.706"></status>
</kw>
<kw name="InteractiveRead_Default" library="InteractiveRead">
<kw name="Input Text" library="SeleniumLibrary">
<doc>Types the given ``text`` into text field identified by ``locator``.</doc>
<arguments>
<arg>xpath=//*[@id="ctl00_PH__tpSelections__txtMeterID"]</arg>
<arg>320816530</arg>
</arguments>
<msg timestamp="20180920 15:08:34.710" level="INFO">Typing text '320816530' into text field 'xpath=//*[@id="ctl00_PH__tpSelections__txtMeterID"]'.</msg>
<status status="PASS" starttime="20180920 15:08:34.710" endtime="20180920 15:08:35.198"></status>
</kw>
<kw name="Click Button" library="SeleniumLibrary">
<doc>Clicks button identified by ``locator``.</doc>
<arguments>
<arg>xpath=//*[@id="ctl00_PH__tpSelections__btnRead"]</arg>
</arguments>
<msg timestamp="20180920 15:08:35.198" level="INFO">Clicking button 'xpath=//*[@id="ctl00_PH__tpSelections__btnRead"]'.</msg>
<status status="PASS" starttime="20180920 15:08:35.198" endtime="20180920 15:08:35.334"></status>
</kw>
<kw name="Sleep" library="BuiltIn">
<doc>Pauses the test executed for the given time.</doc>
<arguments>
<arg>20s</arg>
</arguments>
<msg timestamp="20180920 15:08:55.341" level="INFO">Slept 20 seconds</msg>
<status status="PASS" starttime="20180920 15:08:35.338" endtime="20180920 15:08:55.341"></status>
</kw>
<kw name="Wait Until Page Contains" library="SeleniumLibrary">
<doc>Waits until ``text`` appears on current page.</doc>
<arguments>
<arg>Job Status</arg>
</arguments>
<status status="PASS" starttime="20180920 15:08:55.341" endtime="20180920 15:08:55.381"></status>
</kw>
<status status="PASS" starttime="20180920 15:08:34.710" endtime="20180920 15:08:55.381"></status>
</kw>
<kw name="Logout" library="Common">
<kw name="Logout from CE" library="Login">
<kw name="Click Link" library="SeleniumLibrary">
<doc>Clicks a link identified by ``locator``.</doc>
<arguments>
<arg>xpath=//*[@id="ctl00__lblUserId"]/table/tbody/tr[1]/td[3]/a</arg>
</arguments>
<msg timestamp="20180920 15:08:55.381" level="INFO">Clicking link 'xpath=//*[@id="ctl00__lblUserId"]/table/tbody/tr[1]/td[3]/a'.</msg>
<status status="PASS" starttime="20180920 15:08:55.381" endtime="20180920 15:08:56.273"></status>
</kw>
<kw name="Sleep" library="BuiltIn">
<doc>Pauses the test executed for the given time.</doc>
<arguments>
<arg>3s</arg>
</arguments>
<msg timestamp="20180920 15:08:59.273" level="INFO">Slept 3 seconds</msg>
<status status="PASS" starttime="20180920 15:08:56.273" endtime="20180920 15:08:59.273"></status>
</kw>
<kw name="Close Browser" library="SeleniumLibrary">
<doc>Closes the current browser.</doc>
<status status="PASS" starttime="20180920 15:08:59.273" endtime="20180920 15:09:02.657"></status>
</kw>
<status status="PASS" starttime="20180920 15:08:55.381" endtime="20180920 15:09:02.657"></status>
</kw>
<status status="PASS" starttime="20180920 15:08:55.381" endtime="20180920 15:09:02.657"></status>
</kw>
<doc>Testing Interactive Read</doc>
<tags>
<tag>Interactive</tag>
</tags>
<status status="PASS" starttime="20180920 15:07:39.781" endtime="20180920 15:09:02.657" critical="yes"></status>
</test>
<doc>This is my first script</doc>
<status status="PASS" starttime="20180920 15:07:39.389" endtime="20180920 15:09:02.673"></status>
</suite>
<statistics>
<total>
<stat pass="1" fail="0">Critical Tests</stat>
<stat pass="1" fail="0">All Tests</stat>
</total>
<tag>
<stat pass="1" fail="0">Interactive</stat>
</tag>
<suite>
<stat pass="1" fail="0" id="s1" name="CE">CE</stat>
</suite>
</statistics>
<errors>
</errors>
</robot>
