<?xml version="1.0" encoding="UTF-8"?>
<robot generator="Robot 3.0.4 (Python 3.7.0 on win32)" generated="20180924 16:18:46.255">
<suite id="s1" name="CE" source="C:\Development\Robotscripts\First-Script\Tests\CE.robot">
<test id="s1-t1" name="Read Firmware Version">
<kw name="Login" library="Common">
<kw name="Login to CE" library="Login">
<kw name="Open Browser" library="SeleniumLibrary">
<doc>Opens a new browser instance to the given ``url``.</doc>
<arguments>
<arg>http://ral-qa-xceism01.ipv6lab.com/OpenWay/</arg>
<arg>chrome</arg>
</arguments>
<msg timestamp="20180924 16:18:46.490" level="INFO">Opening browser 'chrome' to base url 'http://ral-qa-xceism01.ipv6lab.com/OpenWay/'.</msg>
<status status="PASS" starttime="20180924 16:18:46.490" endtime="20180924 16:18:55.838"></status>
</kw>
<kw name="Wait Until Page Contains" library="SeleniumLibrary">
<doc>Waits until ``text`` appears on current page.</doc>
<arguments>
<arg>Please enter your user ID and password to log in</arg>
</arguments>
<status status="PASS" starttime="20180924 16:18:55.838" endtime="20180924 16:18:55.865"></status>
</kw>
<kw name="Input Text" library="SeleniumLibrary">
<doc>Types the given ``text`` into text field identified by ``locator``.</doc>
<arguments>
<arg>xpath=//*[@id="_loginForm_edtUserID"]</arg>
<arg>admin</arg>
</arguments>
<msg timestamp="20180924 16:18:55.867" level="INFO">Typing text 'admin' into text field 'xpath=//*[@id="_loginForm_edtUserID"]'.</msg>
<status status="PASS" starttime="20180924 16:18:55.866" endtime="20180924 16:18:55.977"></status>
</kw>
<kw name="Input Text" library="SeleniumLibrary">
<doc>Types the given ``text`` into text field identified by ``locator``.</doc>
<arguments>
<arg>xpath=//*[@id="_loginForm_edtPassword"]</arg>
<arg>Aa123456</arg>
</arguments>
<msg timestamp="20180924 16:18:55.977" level="INFO">Typing text 'Aa123456' into text field 'xpath=//*[@id="_loginForm_edtPassword"]'.</msg>
<status status="PASS" starttime="20180924 16:18:55.977" endtime="20180924 16:18:56.100"></status>
</kw>
<kw name="Click Button" library="SeleniumLibrary">
<doc>Clicks button identified by ``locator``.</doc>
<arguments>
<arg>xpath=//*[@id="_loginForm_btnLogon"]</arg>
</arguments>
<msg timestamp="20180924 16:18:56.102" level="INFO">Clicking button 'xpath=//*[@id="_loginForm_btnLogon"]'.</msg>
<status status="PASS" starttime="20180924 16:18:56.100" endtime="20180924 16:19:03.624"></status>
</kw>
<kw name="Sleep" library="BuiltIn">
<doc>Pauses the test executed for the given time.</doc>
<arguments>
<arg>10s</arg>
</arguments>
<msg timestamp="20180924 16:19:13.640" level="INFO">Slept 10 seconds</msg>
<status status="PASS" starttime="20180924 16:19:03.624" endtime="20180924 16:19:13.640"></status>
</kw>
<kw name="Wait Until Page Contains" library="SeleniumLibrary">
<doc>Waits until ``text`` appears on current page.</doc>
<arguments>
<arg>Welcome: Admin</arg>
</arguments>
<status status="PASS" starttime="20180924 16:19:13.640" endtime="20180924 16:19:13.671"></status>
</kw>
<status status="PASS" starttime="20180924 16:18:46.490" endtime="20180924 16:19:13.671"></status>
</kw>
<status status="PASS" starttime="20180924 16:18:46.490" endtime="20180924 16:19:13.671"></status>
</kw>
<kw name="Tools Main page" library="Tools">
<kw name="Click Link" library="SeleniumLibrary">
<doc>Clicks a link identified by ``locator``.</doc>
<arguments>
<arg>xpath=//*[@id="_ddMenu"]/li[5]/a</arg>
</arguments>
<msg timestamp="20180924 16:19:13.687" level="INFO">Clicking link 'xpath=//*[@id="_ddMenu"]/li[5]/a'.</msg>
<status status="PASS" starttime="20180924 16:19:13.687" endtime="20180924 16:19:15.322"></status>
</kw>
<status status="PASS" starttime="20180924 16:19:13.687" endtime="20180924 16:19:15.322"></status>
</kw>
<kw name="Operations" library="Tools">
<kw name="Click Image" library="SeleniumLibrary">
<doc>Clicks an image identified by ``locator``.</doc>
<arguments>
<arg>xpath=//*[@id="ctl00_PH__divMain"]/ul/li[4]/a/img</arg>
</arguments>
<msg timestamp="20180924 16:19:15.324" level="INFO">Clicking image 'xpath=//*[@id="ctl00_PH__divMain"]/ul/li[4]/a/img'.</msg>
<status status="PASS" starttime="20180924 16:19:15.324" endtime="20180924 16:19:16.661"></status>
</kw>
<status status="PASS" starttime="20180924 16:19:15.324" endtime="20180924 16:19:16.662"></status>
</kw>
<kw name="Navigate to Read Firmware Version" library="ReadFirmwareVersions">
<kw name="Click Image" library="SeleniumLibrary">
<doc>Clicks an image identified by ``locator``.</doc>
<arguments>
<arg>xpath=//*[@id="ctl00_PH__divMain"]/ul/li[5]/a/img</arg>
</arguments>
<msg timestamp="20180924 16:19:16.663" level="INFO">Clicking image 'xpath=//*[@id="ctl00_PH__divMain"]/ul/li[5]/a/img'.</msg>
<status status="PASS" starttime="20180924 16:19:16.663" endtime="20180924 16:19:19.320"></status>
</kw>
<kw name="Click Button" library="SeleniumLibrary">
<doc>Clicks button identified by ``locator``.</doc>
<arguments>
<arg>xpath=//*[@id="ctl00_PH__tpSelections__meterGroupList__tpResults__btnAdd"]</arg>
</arguments>
<msg timestamp="20180924 16:19:19.320" level="INFO">Clicking button 'xpath=//*[@id="ctl00_PH__tpSelections__meterGroupList__tpResults__btnAdd"]'.</msg>
<status status="PASS" starttime="20180924 16:19:19.320" endtime="20180924 16:19:19.494"></status>
</kw>
<status status="PASS" starttime="20180924 16:19:16.662" endtime="20180924 16:19:19.495"></status>
</kw>
<kw name="Add meter in popup" library="ReadFirmwareVersions">
<kw name="Select Window" library="SeleniumLibrary">
<doc>Selects browser window matching ``locator``.</doc>
<arguments>
<arg>title:Find Endpoints</arg>
</arguments>
<status status="PASS" starttime="20180924 16:19:19.498" endtime="20180924 16:19:20.631"></status>
</kw>
<kw name="Maximize Browser Window" library="SeleniumLibrary">
<doc>Maximizes current browser window.</doc>
<status status="PASS" starttime="20180924 16:19:20.631" endtime="20180924 16:19:21.812"></status>
</kw>
<kw name="Input Text" library="SeleniumLibrary">
<doc>Types the given ``text`` into text field identified by ``locator``.</doc>
<arguments>
<arg>xpath=//*[@id="ctl00__PH__endpointSearch__tpEndpoints__txtSerialNumber"]</arg>
<arg>320816530</arg>
</arguments>
<msg timestamp="20180924 16:19:21.812" level="INFO">Typing text '320816530' into text field 'xpath=//*[@id="ctl00__PH__endpointSearch__tpEndpoints__txtSerialNumber"]'.</msg>
<status status="PASS" starttime="20180924 16:19:21.812" endtime="20180924 16:19:21.950"></status>
</kw>
<kw name="Click Button" library="SeleniumLibrary">
<doc>Clicks button identified by ``locator``.</doc>
<arguments>
<arg>xpath=//*[@id="ctl00__PH__endpointSearch__tpEndpoints__btnEndpointFind"]</arg>
</arguments>
<msg timestamp="20180924 16:19:21.950" level="INFO">Clicking button 'xpath=//*[@id="ctl00__PH__endpointSearch__tpEndpoints__btnEndpointFind"]'.</msg>
<status status="PASS" starttime="20180924 16:19:21.950" endtime="20180924 16:19:22.045"></status>
</kw>
<kw name="Sleep" library="BuiltIn">
<doc>Pauses the test executed for the given time.</doc>
<arguments>
<arg>10s</arg>
</arguments>
<msg timestamp="20180924 16:19:32.059" level="INFO">Slept 10 seconds</msg>
<status status="PASS" starttime="20180924 16:19:22.045" endtime="20180924 16:19:32.059"></status>
</kw>
<kw name="Select Checkbox" library="SeleniumLibrary">
<doc>Selects checkbox identified by ``locator``.</doc>
<arguments>
<arg>xpath=//*[@id="ctl00__PH__meterGroupList__tpResults_chk_E38054"]</arg>
</arguments>
<msg timestamp="20180924 16:19:32.059" level="INFO">Selecting checkbox 'xpath=//*[@id="ctl00__PH__meterGroupList__tpResults_chk_E38054"]'.</msg>
<status status="PASS" starttime="20180924 16:19:32.059" endtime="20180924 16:19:32.177"></status>
</kw>
<kw name="Click Button" library="SeleniumLibrary">
<doc>Clicks button identified by ``locator``.</doc>
<arguments>
<arg>xpath=//*[@id="ctl00__PH__Ok"]</arg>
</arguments>
<msg timestamp="20180924 16:19:32.178" level="INFO">Clicking button 'xpath=//*[@id="ctl00__PH__Ok"]'.</msg>
<status status="PASS" starttime="20180924 16:19:32.178" endtime="20180924 16:19:32.297"></status>
</kw>
<status status="PASS" starttime="20180924 16:19:19.497" endtime="20180924 16:19:32.297"></status>
</kw>
<doc>Testing Read firmware version</doc>
<tags>
<tag>ReadFirmwareVersion</tag>
</tags>
<status status="PASS" starttime="20180924 16:18:46.490" endtime="20180924 16:19:32.300" critical="yes"></status>
</test>
<doc>This is my first script</doc>
<status status="PASS" starttime="20180924 16:18:46.271" endtime="20180924 16:19:32.303"></status>
</suite>
<statistics>
<total>
<stat pass="1" fail="0">Critical Tests</stat>
<stat pass="1" fail="0">All Tests</stat>
</total>
<tag>
<stat pass="1" fail="0">ReadFirmwareVersion</stat>
</tag>
<suite>
<stat pass="1" fail="0" id="s1" name="CE">CE</stat>
</suite>
</statistics>
<errors>
</errors>
</robot>
